[INFO] Scanning for projects...
[INFO] 
[INFO] -------------------< id.aderayendra:product-service >-------------------
[INFO] Building product-service 0.0.1-SNAPSHOT
[INFO]   from pom.xml
[INFO] --------------------------------[ jar ]---------------------------------
[INFO] 
[INFO] >>> spring-boot:3.4.3:run (default-cli) > test-compile @ product-service >>>
[INFO] 
[INFO] --- resources:3.3.1:resources (default-resources) @ product-service ---
[INFO] Copying 1 resource from src/main/resources to target/classes
[INFO] Copying 0 resource from src/main/resources to target/classes
[INFO] 
[INFO] --- compiler:3.13.0:compile (default-compile) @ product-service ---
[INFO] Nothing to compile - all classes are up to date.
[INFO] 
[INFO] --- resources:3.3.1:testResources (default-testResources) @ product-service ---
[INFO] skip non existing resourceDirectory /home/aderayendra/projects/abl/product-service-abl/src/test/resources
[INFO] 
[INFO] --- compiler:3.13.0:testCompile (default-testCompile) @ product-service ---
[INFO] Nothing to compile - all classes are up to date.
[INFO] 
[INFO] <<< spring-boot:3.4.3:run (default-cli) < test-compile @ product-service <<<
[INFO] 
[INFO] 
[INFO] --- spring-boot:3.4.3:run (default-cli) @ product-service ---
[INFO] Attaching agents: []

  .   ____          _            __ _ _
 /\\ / ___'_ __ _ _(_)_ __  __ _ \ \ \ \
( ( )\___ | '_ | '_| | '_ \/ _` | \ \ \ \
 \\/  ___)| |_)| | | | | || (_| |  ) ) ) )
  '  |____| .__|_| |_|_| |_\__, | / / / /
 =========|_|==============|___/=/_/_/_/

 :: Spring Boot ::                (v3.4.3)

2026-05-02T20:29:56.987+07:00  INFO 7552 --- [product-service] [           main] i.a.p.ProductServiceApplication          : Starting ProductServiceApplication using Java 21.0.10 with PID 7552 (/home/aderayendra/projects/abl/product-service-abl/target/classes started by aderayendra in /home/aderayendra/projects/abl/product-service-abl)
2026-05-02T20:29:56.989+07:00  INFO 7552 --- [product-service] [           main] i.a.p.ProductServiceApplication          : No active profile set, falling back to 1 default profile: "default"
2026-05-02T20:29:57.883+07:00  INFO 7552 --- [product-service] [           main] .s.d.r.c.RepositoryConfigurationDelegate : Bootstrapping Spring Data JPA repositories in DEFAULT mode.
2026-05-02T20:29:57.997+07:00  INFO 7552 --- [product-service] [           main] .s.d.r.c.RepositoryConfigurationDelegate : Finished Spring Data repository scanning in 106 ms. Found 1 JPA repository interface.
2026-05-02T20:29:58.218+07:00  INFO 7552 --- [product-service] [           main] o.s.cloud.context.scope.GenericScope     : BeanFactory id=a8ffc7a3-359d-3423-9cf9-9185fb0a4af8
2026-05-02T20:29:58.543+07:00  INFO 7552 --- [product-service] [           main] o.s.b.w.embedded.tomcat.TomcatWebServer  : Tomcat initialized with port 8080 (http)
2026-05-02T20:29:58.554+07:00  INFO 7552 --- [product-service] [           main] o.apache.catalina.core.StandardService   : Starting service [Tomcat]
2026-05-02T20:29:58.555+07:00  INFO 7552 --- [product-service] [           main] o.apache.catalina.core.StandardEngine    : Starting Servlet engine: [Apache Tomcat/10.1.36]
2026-05-02T20:29:58.602+07:00  INFO 7552 --- [product-service] [           main] o.a.c.c.C.[Tomcat].[localhost].[/]       : Initializing Spring embedded WebApplicationContext
2026-05-02T20:29:58.603+07:00  INFO 7552 --- [product-service] [           main] w.s.c.ServletWebServerApplicationContext : Root WebApplicationContext: initialization completed in 1563 ms
2026-05-02T20:29:58.752+07:00  INFO 7552 --- [product-service] [           main] o.hibernate.jpa.internal.util.LogHelper  : HHH000204: Processing PersistenceUnitInfo [name: default]
2026-05-02T20:29:58.802+07:00  INFO 7552 --- [product-service] [           main] org.hibernate.Version                    : HHH000412: Hibernate ORM core version 6.6.8.Final
2026-05-02T20:29:58.827+07:00  INFO 7552 --- [product-service] [           main] o.h.c.internal.RegionFactoryInitiator    : HHH000026: Second-level cache disabled
2026-05-02T20:29:59.330+07:00  INFO 7552 --- [product-service] [           main] o.s.o.j.p.SpringPersistenceUnitInfo      : No LoadTimeWeaver setup: ignoring JPA class transformer
2026-05-02T20:29:59.360+07:00  INFO 7552 --- [product-service] [           main] com.zaxxer.hikari.HikariDataSource       : HikariPool-1 - Starting...
2026-05-02T20:29:59.454+07:00  INFO 7552 --- [product-service] [           main] com.zaxxer.hikari.pool.HikariPool        : HikariPool-1 - Added connection org.mariadb.jdbc.Connection@3a8640f7
2026-05-02T20:29:59.456+07:00  INFO 7552 --- [product-service] [           main] com.zaxxer.hikari.HikariDataSource       : HikariPool-1 - Start completed.
2026-05-02T20:29:59.478+07:00  WARN 7552 --- [product-service] [           main] org.hibernate.orm.deprecation            : HHH90000025: MariaDBDialect does not need to be specified explicitly using 'hibernate.dialect' (remove the property setting and it will be selected by default)
2026-05-02T20:29:59.491+07:00  INFO 7552 --- [product-service] [           main] org.hibernate.orm.connections.pooling    : HHH10001005: Database info:
	Database JDBC URL [Connecting through datasource 'HikariDataSource (HikariPool-1)']
	Database driver: undefined/unknown
	Database version: 10.11.14
	Autocommit mode: undefined/unknown
	Isolation level: undefined/unknown
	Minimum pool size: undefined/unknown
	Maximum pool size: undefined/unknown
2026-05-02T20:30:00.625+07:00  INFO 7552 --- [product-service] [           main] o.h.e.t.j.p.i.JtaPlatformInitiator       : HHH000489: No JTA platform available (set 'hibernate.transaction.jta.platform' to enable JTA platform integration)
2026-05-02T20:30:00.660+07:00  INFO 7552 --- [product-service] [           main] j.LocalContainerEntityManagerFactoryBean : Initialized JPA EntityManagerFactory for persistence unit 'default'
2026-05-02T20:30:01.032+07:00  WARN 7552 --- [product-service] [           main] JpaBaseConfiguration$JpaWebConfiguration : spring.jpa.open-in-view is enabled by default. Therefore, database queries may be performed during view rendering. Explicitly configure spring.jpa.open-in-view to disable this warning
2026-05-02T20:30:01.099+07:00  WARN 7552 --- [product-service] [           main] .s.s.UserDetailsServiceAutoConfiguration : 

Using generated security password: f0216e2d-dbec-43cb-a549-00b0b86d10e9

This generated password is for development use only. Your security configuration must be updated before running your application in production.

2026-05-02T20:30:01.116+07:00  INFO 7552 --- [product-service] [           main] r$InitializeUserDetailsManagerConfigurer : Global AuthenticationManager configured with UserDetailsService bean with name inMemoryUserDetailsManager
2026-05-02T20:30:01.592+07:00  INFO 7552 --- [product-service] [           main] o.s.v.b.OptionalValidatorFactoryBean     : Failed to set up a Bean Validation provider: jakarta.validation.NoProviderFoundException: Unable to create a Configuration, because no Jakarta Bean Validation provider could be found. Add a provider like Hibernate Validator (RI) to your classpath.
2026-05-02T20:30:02.166+07:00  INFO 7552 --- [product-service] [           main] DiscoveryClientOptionalArgsConfiguration : Eureka HTTP Client uses RestTemplate.
2026-05-02T20:30:02.238+07:00  INFO 7552 --- [product-service] [           main] o.s.c.n.eureka.InstanceInfoFactory       : Setting initial instance status as: STARTING
2026-05-02T20:30:02.255+07:00  INFO 7552 --- [product-service] [           main] com.netflix.discovery.DiscoveryClient    : Initializing Eureka in region us-east-1
2026-05-02T20:30:02.258+07:00  INFO 7552 --- [product-service] [           main] c.n.d.s.r.aws.ConfigClusterResolver      : Resolving eureka endpoints via configuration
2026-05-02T20:30:02.263+07:00  INFO 7552 --- [product-service] [           main] com.netflix.discovery.DiscoveryClient    : Disable delta property : false
2026-05-02T20:30:02.264+07:00  INFO 7552 --- [product-service] [           main] com.netflix.discovery.DiscoveryClient    : Single vip registry refresh property : null
2026-05-02T20:30:02.264+07:00  INFO 7552 --- [product-service] [           main] com.netflix.discovery.DiscoveryClient    : Force full registry fetch : false
2026-05-02T20:30:02.264+07:00  INFO 7552 --- [product-service] [           main] com.netflix.discovery.DiscoveryClient    : Application is null : false
2026-05-02T20:30:02.264+07:00  INFO 7552 --- [product-service] [           main] com.netflix.discovery.DiscoveryClient    : Registered Applications size is zero : true
2026-05-02T20:30:02.264+07:00  INFO 7552 --- [product-service] [           main] com.netflix.discovery.DiscoveryClient    : Application version is -1: true
2026-05-02T20:30:02.264+07:00  INFO 7552 --- [product-service] [           main] com.netflix.discovery.DiscoveryClient    : Getting all instance registry info from the eureka server
2026-05-02T20:30:02.577+07:00  INFO 7552 --- [product-service] [           main] com.netflix.discovery.DiscoveryClient    : The response status is 200
2026-05-02T20:30:02.579+07:00  INFO 7552 --- [product-service] [           main] com.netflix.discovery.DiscoveryClient    : Starting heartbeat executor: renew interval is: 30
2026-05-02T20:30:02.581+07:00  INFO 7552 --- [product-service] [           main] c.n.discovery.InstanceInfoReplicator     : InstanceInfoReplicator onDemand update allowed rate per min is 4
2026-05-02T20:30:02.583+07:00  INFO 7552 --- [product-service] [           main] com.netflix.discovery.DiscoveryClient    : Discovery Client initialized at timestamp 1777728602582 with initial instances count: 4
2026-05-02T20:30:02.587+07:00  INFO 7552 --- [product-service] [           main] o.s.c.n.e.s.EurekaServiceRegistry        : Registering application PRODUCT-SERVICE with eureka with status UP
2026-05-02T20:30:02.588+07:00  INFO 7552 --- [product-service] [           main] com.netflix.discovery.DiscoveryClient    : Saw local status change event StatusChangeEvent [timestamp=1777728602588, current=UP, previous=STARTING]
2026-05-02T20:30:02.590+07:00  INFO 7552 --- [product-service] [foReplicator-%d] com.netflix.discovery.DiscoveryClient    : DiscoveryClient_PRODUCT-SERVICE/10.255.255.254:product-service:8080: registering service...
2026-05-02T20:30:02.602+07:00  INFO 7552 --- [product-service] [           main] o.s.b.w.embedded.tomcat.TomcatWebServer  : Tomcat started on port 8080 (http) with context path '/'
2026-05-02T20:30:02.603+07:00  INFO 7552 --- [product-service] [           main] .s.c.n.e.s.EurekaAutoServiceRegistration : Updating port to 8080
2026-05-02T20:30:02.624+07:00  INFO 7552 --- [product-service] [foReplicator-%d] com.netflix.discovery.DiscoveryClient    : DiscoveryClient_PRODUCT-SERVICE/10.255.255.254:product-service:8080 - registration status: 204
2026-05-02T20:30:02.651+07:00  INFO 7552 --- [product-service] [           main] i.a.p.ProductServiceApplication          : Started ProductServiceApplication in 6.329 seconds (process running for 5.901)
2026-05-02T20:30:38.663+07:00  INFO 7552 --- [product-service] [ionShutdownHook] o.s.c.n.e.s.EurekaServiceRegistry        : Unregistering application PRODUCT-SERVICE with eureka with status DOWN
2026-05-02T20:30:38.664+07:00  INFO 7552 --- [product-service] [ionShutdownHook] com.netflix.discovery.DiscoveryClient    : Saw local status change event StatusChangeEvent [timestamp=1777728638664, current=DOWN, previous=UP]
2026-05-02T20:30:38.664+07:00  INFO 7552 --- [product-service] [foReplicator-%d] com.netflix.discovery.DiscoveryClient    : DiscoveryClient_PRODUCT-SERVICE/10.255.255.254:product-service:8080: registering service...
2026-05-02T20:30:38.666+07:00  INFO 7552 --- [product-service] [ionShutdownHook] o.s.b.w.e.tomcat.GracefulShutdown        : Commencing graceful shutdown. Waiting for active requests to complete
2026-05-02T20:30:38.669+07:00  INFO 7552 --- [product-service] [tomcat-shutdown] o.s.b.w.e.tomcat.GracefulShutdown        : Graceful shutdown complete
2026-05-02T20:30:38.673+07:00  INFO 7552 --- [product-service] [foReplicator-%d] com.netflix.discovery.DiscoveryClient    : DiscoveryClient_PRODUCT-SERVICE/10.255.255.254:product-service:8080 - registration status: 204
2026-05-02T20:30:38.674+07:00  INFO 7552 --- [product-service] [ionShutdownHook] j.LocalContainerEntityManagerFactoryBean : Closing JPA EntityManagerFactory for persistence unit 'default'
2026-05-02T20:30:38.676+07:00  INFO 7552 --- [product-service] [ionShutdownHook] com.zaxxer.hikari.HikariDataSource       : HikariPool-1 - Shutdown initiated...
2026-05-02T20:30:38.680+07:00  INFO 7552 --- [product-service] [ionShutdownHook] com.zaxxer.hikari.HikariDataSource       : HikariPool-1 - Shutdown completed.
2026-05-02T20:30:38.681+07:00  INFO 7552 --- [product-service] [ionShutdownHook] com.netflix.discovery.DiscoveryClient    : Shutting down DiscoveryClient ...
2026-05-02T20:30:41.682+07:00  INFO 7552 --- [product-service] [ionShutdownHook] com.netflix.discovery.DiscoveryClient    : Unregistering ...
2026-05-02T20:30:41.689+07:00  INFO 7552 --- [product-service] [ionShutdownHook] com.netflix.discovery.DiscoveryClient    : DiscoveryClient_PRODUCT-SERVICE/10.255.255.254:product-service:8080 - deregister  status: 200
2026-05-02T20:30:41.690+07:00  INFO 7552 --- [product-service] [ionShutdownHook] com.netflix.discovery.DiscoveryClient    : Completed shut down of DiscoveryClient
[INFO] ------------------------------------------------------------------------
[INFO] BUILD SUCCESS
[INFO] ------------------------------------------------------------------------
[INFO] Total time:  47.932 s
[INFO] Finished at: 2026-05-02T20:30:41+07:00
[INFO] ------------------------------------------------------------------------
